#
# A fatal error has been detected by the Java Runtime Environment:
#
#  EXCEPTION_ACCESS_VIOLATION (0xc0000005) at pc=0x000000005a38a0a5, pid=928, tid=0x0000000000000c4c
#
# JRE version: Java(TM) SE Runtime Environment (8.0_101-b13) (build 1.8.0_101-b13)
# Java VM: Java HotSpot(TM) 64-Bit Server VM (25.101-b13 mixed mode windows-amd64 compressed oops)
# Problematic frame:
# V  [jvm.dll+0x12a0a5]
#
# Failed to write core dump. Minidumps are not enabled by default on client versions of Windows
#
# If you would like to submit a bug report, please visit:
#   http://bugreport.java.com/bugreport/crash.jsp
#

---------------  T H R E A D  ---------------

Current thread (0x000000005666b800):  JavaThread "JDWP Transport Listener: dt_socket" daemon [_thread_in_vm, id=3148, stack(0x0000000057200000,0x0000000057300000)]

siginfo: ExceptionCode=0xc0000005, reading address 0xffffffffffffffff

Registers:
RAX=0x00000000572ff201, RBX=0x000000005666b800, RCX=0x0056293b000007a2, RDX=0x0000000000000000
RSP=0x00000000572ff210, RBP=0x0056293b000007a2, RSI=0x00000000572ff328, RDI=0x00000000022a8d50
R8 =0x000000005666b800, R9 =0x7703be2b02b1006d, R10=0x0000000000000000, R11=0x00000000572ff507
R12=0x0000000000000000, R13=0x000000005666c578, R14=0x0000000000000000, R15=0x0000000000000000
RIP=0x000000005a38a0a5, EFLAGS=0x0000000000010202

Top of Stack: (sp=0x00000000572ff210)
0x00000000572ff210:   000000005666b800 000000005666b800
0x00000000572ff220:   00000000572ff2d8 000000005a592f0b
0x00000000572ff230:   000000005666b800 000000005a5af76d
0x00000000572ff240:   0000000000000000 0000000074839155
0x00000000572ff250:   0000000057ab6c80 000000007484291e
0x00000000572ff260:   000000005666b800 0000000000000000
0x00000000572ff270:   0000000000000000 0000000000000000
0x00000000572ff280:   0056293b000007a2 0000000074841a15
0x00000000572ff290:   00000000572ff328 00000000572ff300
0x00000000572ff2a0:   0000000000000001 0000000057ab6c80
0x00000000572ff2b0:   0056293b000007a2 00000000748253b3
0x00000000572ff2c0:   00000000572ff3f0 0000000000000001
0x00000000572ff2d0:   0000000000000001 0000000057ab6c80
0x00000000572ff2e0:   0000000000000001 0000000000000000
0x00000000572ff2f0:   0000000000000000 0000000000000000
0x00000000572ff300:   0000000000000001 0000000074825571 

Instructions: (pc=0x000000005a38a0a5)
0x000000005a38a085:   cc cc cc cc cc cc cc cc cc cc cc 48 83 ec 28 48
0x000000005a38a095:   85 c9 75 07 33 c0 48 83 c4 28 c3 48 89 5c 24 20
0x000000005a38a0a5:   48 8b 19 48 85 db 74 20 48 83 fb 37 74 1a 48 8b
0x000000005a38a0b5:   13 48 8b cb ff 52 10 84 c0 74 0d 48 8b c3 48 8b 


Register to memory mapping:

RAX=0x00000000572ff201 is pointing into the stack for thread: 0x000000005666b800
RBX=0x000000005666b800 is a thread
RCX=0x0056293b000007a2 is an unknown value
RDX=0x0000000000000000 is an unknown value
RSP=0x00000000572ff210 is pointing into the stack for thread: 0x000000005666b800
RBP=0x0056293b000007a2 is an unknown value
RSI=0x00000000572ff328 is pointing into the stack for thread: 0x000000005666b800
RDI=0x00000000022a8d50 is an unknown value
R8 =0x000000005666b800 is a thread
R9 =0x7703be2b02b1006d is an unknown value
R10=0x0000000000000000 is an unknown value
R11=0x00000000572ff507 is pointing into the stack for thread: 0x000000005666b800
R12=0x0000000000000000 is an unknown value
R13=0x000000005666c578 is an unknown value
R14=0x0000000000000000 is an unknown value
R15=0x0000000000000000 is an unknown value


Stack: [0x0000000057200000,0x0000000057300000],  sp=0x00000000572ff210,  free space=1020k
Native frames: (J=compiled Java code, j=interpreted, Vv=VM code, C=native code)
V  [jvm.dll+0x12a0a5]
V  [jvm.dll+0x34f76d]
C  [jdwp.dll+0x21a15]
C  [jdwp.dll+0x53b3]
C  [jdwp.dll+0x5571]
C  [jdwp.dll+0xf0a8]
C  [jdwp.dll+0x1f2d5]
C  [jdwp.dll+0x1f4aa]
V  [jvm.dll+0x1bd258]
V  [jvm.dll+0x2451a4]
V  [jvm.dll+0x29c18a]
C  [msvcr100.dll+0x21d9f]
C  [msvcr100.dll+0x21e3b]
C  [kernel32.dll+0x1652d]
C  [ntdll.dll+0x2c541]


---------------  P R O C E S S  ---------------

Java Threads: ( => current thread )
  0x0000000058d7f000 JavaThread "Timer-0" [_thread_blocked, id=4592, stack(0x000000005bcb0000,0x000000005bdb0000)]
  0x0000000058d7c800 JavaThread "TimerQueue" daemon [_thread_blocked, id=2300, stack(0x000000005be40000,0x000000005bf40000)]
  0x0000000058c49800 JavaThread "MySQL Statement Cancellation Timer" daemon [_thread_blocked, id=3172, stack(0x000000005b7b0000,0x000000005b8b0000)]
  0x00000000022af000 JavaThread "DestroyJavaVM" [_thread_blocked, id=4620, stack(0x00000000024e0000,0x00000000025e0000)]
  0x0000000058b70800 JavaThread "AWT-EventQueue-0" [_thread_in_native, id=2848, stack(0x0000000059900000,0x0000000059a00000)]
  0x0000000058afc000 JavaThread "AWT-Windows" daemon [_thread_in_native, id=3344, stack(0x0000000059710000,0x0000000059810000)]
  0x0000000058afb000 JavaThread "AWT-Shutdown" [_thread_blocked, id=936, stack(0x0000000059560000,0x0000000059660000)]
  0x0000000058af3800 JavaThread "Java2D Disposer" daemon [_thread_blocked, id=4692, stack(0x0000000059330000,0x0000000059430000)]
  0x000000005671b800 JavaThread "Service Thread" daemon [_thread_blocked, id=4932, stack(0x00000000576e0000,0x00000000577e0000)]
  0x00000000566ab000 JavaThread "C1 CompilerThread2" daemon [_thread_blocked, id=1180, stack(0x0000000057490000,0x0000000057590000)]
  0x00000000566a7000 JavaThread "C2 CompilerThread1" daemon [_thread_blocked, id=2144, stack(0x0000000057590000,0x0000000057690000)]
  0x00000000566a5000 JavaThread "C2 CompilerThread0" daemon [_thread_blocked, id=3988, stack(0x0000000056cb0000,0x0000000056db0000)]
  0x0000000056675800 JavaThread "JDWP Command Reader" daemon [_thread_in_native, id=4664, stack(0x0000000057350000,0x0000000057450000)]
  0x000000005532f000 JavaThread "JDWP Event Helper Thread" daemon [_thread_blocked, id=3048, stack(0x0000000056fc0000,0x00000000570c0000)]
=>0x000000005666b800 JavaThread "JDWP Transport Listener: dt_socket" daemon [_thread_in_vm, id=3148, stack(0x0000000057200000,0x0000000057300000)]
  0x0000000056660800 JavaThread "Attach Listener" daemon [_thread_blocked, id=4684, stack(0x0000000056b70000,0x0000000056c70000)]
  0x0000000055325000 JavaThread "Signal Dispatcher" daemon [_thread_blocked, id=2196, stack(0x0000000056110000,0x0000000056210000)]
  0x000000005530a800 JavaThread "Finalizer" daemon [_thread_blocked, id=3900, stack(0x0000000056560000,0x0000000056660000)]
  0x00000000552c3800 JavaThread "Reference Handler" daemon [_thread_blocked, id=3740, stack(0x0000000056400000,0x0000000056500000)]

Other Threads:
  0x00000000552bc000 VMThread [stack: 0x00000000562c0000,0x00000000563c0000] [id=2648]
  0x0000000056737800 WatcherThread [stack: 0x00000000578f0000,0x00000000579f0000] [id=4876]

VM state:not at safepoint (normal execution)

VM Mutex/Monitor currently owned by a thread: None

Heap:
 PSYoungGen      total 31744K, used 19741K [0x00000000eb300000, 0x00000000eee00000, 0x0000000100000000)
  eden space 31232K, 63% used [0x00000000eb300000,0x00000000ec637778,0x00000000ed180000)
  from space 512K, 12% used [0x00000000eed00000,0x00000000eed10000,0x00000000eed80000)
  to   space 512K, 0% used [0x00000000eed80000,0x00000000eed80000,0x00000000eee00000)
 ParOldGen       total 139264K, used 100942K [0x00000000c1800000, 0x00000000ca000000, 0x00000000eb300000)
  object space 139264K, 72% used [0x00000000c1800000,0x00000000c7a93888,0x00000000ca000000)
 Metaspace       used 21956K, capacity 22277K, committed 22400K, reserved 1069056K
  class space    used 2509K, capacity 2631K, committed 2688K, reserved 1048576K

Card table byte_map: [0x0000000011c70000,0x0000000011e70000] byte_map_base: 0x0000000011664000

Marking Bits: (ParMarkBitMap*) 0x000000005aa7a6d0
 Begin Bits: [0x00000000127f0000, 0x0000000013790000)
 End Bits:   [0x0000000013790000, 0x0000000014730000)

Polling page: 0x0000000000320000

CodeCache: size=245760Kb used=13077Kb max_used=13681Kb free=232682Kb
 bounds [0x00000000028b0000, 0x0000000003640000, 0x00000000118b0000]
 total_blobs=4126 nmethods=3506 adapters=539
 compilation: enabled

Compilation events (10 events):
Event: 216.652 Thread 0x00000000566a5000 nmethod 4156 0x00000000033a0ed0 code [0x00000000033a1020, 0x00000000033a10f8]
Event: 216.689 Thread 0x00000000566a7000 nmethod 4155 0x00000000035b5a90 code [0x00000000035b5ca0, 0x00000000035b8970]
Event: 253.281 Thread 0x00000000566a5000 4164       4       java.awt.Component::dispatchEventImpl (883 bytes)
Event: 253.310 Thread 0x00000000566a7000 4165       4       java.awt.Container::processEvent (22 bytes)
Event: 253.321 Thread 0x00000000566a7000 nmethod 4165 0x00000000035b4850 code [0x00000000035b4a60, 0x00000000035b51a0]
Event: 253.325 Thread 0x00000000566a5000 nmethod 4164 0x000000000343c510 code [0x000000000343c8e0, 0x000000000343e7a0]
Event: 271.304 Thread 0x00000000566ab000 4166       1       java.awt.Window::getFocusableWindowState (5 bytes)
Event: 271.304 Thread 0x00000000566ab000 nmethod 4166 0x00000000033a0b90 code [0x00000000033a0ce0, 0x00000000033a0df0]
Event: 603.840 Thread 0x00000000566ab000 4167       3       sun.awt.SunToolkit::isInstanceOf (71 bytes)
Event: 603.841 Thread 0x00000000566ab000 nmethod 4167 0x0000000002e5aed0 code [0x0000000002e5b0c0, 0x0000000002e5b9c8]

GC Heap History (10 events):
Event: 600.939 GC heap before
{Heap before GC invocations=1059 (full 12):
 PSYoungGen      total 31232K, used 30752K [0x00000000eb300000, 0x00000000eee00000, 0x0000000100000000)
  eden space 30720K, 100% used [0x00000000eb300000,0x00000000ed100000,0x00000000ed100000)
  from space 512K, 6% used [0x00000000eed80000,0x00000000eed88000,0x00000000eee00000)
  to   space 512K, 0% used [0x00000000eed00000,0x00000000eed00000,0x00000000eed80000)
 ParOldGen       total 139264K, used 100942K [0x00000000c1800000, 0x00000000ca000000, 0x00000000eb300000)
  object space 139264K, 72% used [0x00000000c1800000,0x00000000c7a93888,0x00000000ca000000)
 Metaspace       used 21716K, capacity 22053K, committed 22400K, reserved 1069056K
  class space    used 2471K, capacity 2599K, committed 2688K, reserved 1048576K
Event: 600.941 GC heap after
Heap after GC invocations=1059 (full 12):
 PSYoungGen      total 31232K, used 64K [0x00000000eb300000, 0x00000000eee00000, 0x0000000100000000)
  eden space 30720K, 0% used [0x00000000eb300000,0x00000000eb300000,0x00000000ed100000)
  from space 512K, 12% used [0x00000000eed00000,0x00000000eed10000,0x00000000eed80000)
  to   space 512K, 0% used [0x00000000eed80000,0x00000000eed80000,0x00000000eee00000)
 ParOldGen       total 139264K, used 100942K [0x00000000c1800000, 0x00000000ca000000, 0x00000000eb300000)
  object space 139264K, 72% used [0x00000000c1800000,0x00000000c7a93888,0x00000000ca000000)
 Metaspace       used 21716K, capacity 22053K, committed 22400K, reserved 1069056K
  class space    used 2471K, capacity 2599K, committed 2688K, reserved 1048576K
}
Event: 601.406 GC heap before
{Heap before GC invocations=1060 (full 12):
 PSYoungGen      total 31232K, used 30784K [0x00000000eb300000, 0x00000000eee00000, 0x0000000100000000)
  eden space 30720K, 100% used [0x00000000eb300000,0x00000000ed100000,0x00000000ed100000)
  from space 512K, 12% used [0x00000000eed00000,0x00000000eed10000,0x00000000eed80000)
  to   space 512K, 0% used [0x00000000eed80000,0x00000000eed80000,0x00000000eee00000)
 ParOldGen       total 139264K, used 100942K [0x00000000c1800000, 0x00000000ca000000, 0x00000000eb300000)
  object space 139264K, 72% used [0x00000000c1800000,0x00000000c7a93888,0x00000000ca000000)
 Metaspace       used 21716K, capacity 22053K, committed 22400K, reserved 1069056K
  class space    used 2471K, capacity 2599K, committed 2688K, reserved 1048576K
Event: 601.418 GC heap after
Heap after GC invocations=1060 (full 12):
 PSYoungGen      total 31744K, used 32K [0x00000000eb300000, 0x00000000eee00000, 0x0000000100000000)
  eden space 31232K, 0% used [0x00000000eb300000,0x00000000eb300000,0x00000000ed180000)
  from space 512K, 6% used [0x00000000eed80000,0x00000000eed88000,0x00000000eee00000)
  to   space 512K, 0% used [0x00000000eed00000,0x00000000eed00000,0x00000000eed80000)
 ParOldGen       total 139264K, used 100942K [0x00000000c1800000, 0x00000000ca000000, 0x00000000eb300000)
  object space 139264K, 72% used [0x00000000c1800000,0x00000000c7a93888,0x00000000ca000000)
 Metaspace       used 21716K, capacity 22053K, committed 22400K, reserved 1069056K
  class space    used 2471K, capacity 2599K, committed 2688K, reserved 1048576K
}
Event: 601.864 GC heap before
{Heap before GC invocations=1061 (full 12):
 PSYoungGen      total 31744K, used 31264K [0x00000000eb300000, 0x00000000eee00000, 0x0000000100000000)
  eden space 31232K, 100% used [0x00000000eb300000,0x00000000ed180000,0x00000000ed180000)
  from space 512K, 6% used [0x00000000eed80000,0x00000000eed88000,0x00000000eee00000)
  to   space 512K, 0% used [0x00000000eed00000,0x00000000eed00000,0x00000000eed80000)
 ParOldGen       total 139264K, used 100942K [0x00000000c1800000, 0x00000000ca000000, 0x00000000eb300000)
  object space 139264K, 72% used [0x00000000c1800000,0x00000000c7a93888,0x00000000ca000000)
 Metaspace       used 21716K, capacity 22053K, committed 22400K, reserved 1069056K
  class space    used 2471K, capacity 2599K, committed 2688K, reserved 1048576K
Event: 601.867 GC heap after
Heap after GC invocations=1061 (full 12):
 PSYoungGen      total 31232K, used 32K [0x00000000eb300000, 0x00000000eee00000, 0x0000000100000000)
  eden space 30720K, 0% used [0x00000000eb300000,0x00000000eb300000,0x00000000ed100000)
  from space 512K, 6% used [0x00000000eed00000,0x00000000eed08000,0x00000000eed80000)
  to   space 512K, 0% used [0x00000000eed80000,0x00000000eed80000,0x00000000eee00000)
 ParOldGen       total 139264K, used 100942K [0x00000000c1800000, 0x00000000ca000000, 0x00000000eb300000)
  object space 139264K, 72% used [0x00000000c1800000,0x00000000c7a93888,0x00000000ca000000)
 Metaspace       used 21716K, capacity 22053K, committed 22400K, reserved 1069056K
  class space    used 2471K, capacity 2599K, committed 2688K, reserved 1048576K
}
Event: 602.331 GC heap before
{Heap before GC invocations=1062 (full 12):
 PSYoungGen      total 31232K, used 30752K [0x00000000eb300000, 0x00000000eee00000, 0x0000000100000000)
  eden space 30720K, 100% used [0x00000000eb300000,0x00000000ed100000,0x00000000ed100000)
  from space 512K, 6% used [0x00000000eed00000,0x00000000eed08000,0x00000000eed80000)
  to   space 512K, 0% used [0x00000000eed80000,0x00000000eed80000,0x00000000eee00000)
 ParOldGen       total 139264K, used 100942K [0x00000000c1800000, 0x00000000ca000000, 0x00000000eb300000)
  object space 139264K, 72% used [0x00000000c1800000,0x00000000c7a93888,0x00000000ca000000)
 Metaspace       used 21716K, capacity 22053K, committed 22400K, reserved 1069056K
  class space    used 2471K, capacity 2599K, committed 2688K, reserved 1048576K
Event: 602.332 GC heap after
Heap after GC invocations=1062 (full 12):
 PSYoungGen      total 31232K, used 32K [0x00000000eb300000, 0x00000000eee00000, 0x0000000100000000)
  eden space 30720K, 0% used [0x00000000eb300000,0x00000000eb300000,0x00000000ed100000)
  from space 512K, 6% used [0x00000000eed80000,0x00000000eed88000,0x00000000eee00000)
  to   space 512K, 0% used [0x00000000eed00000,0x00000000eed00000,0x00000000eed80000)
 ParOldGen       total 139264K, used 100942K [0x00000000c1800000, 0x00000000ca000000, 0x00000000eb300000)
  object space 139264K, 72% used [0x00000000c1800000,0x00000000c7a93888,0x00000000ca000000)
 Metaspace       used 21716K, capacity 22053K, committed 22400K, reserved 1069056K
  class space    used 2471K, capacity 2599K, committed 2688K, reserved 1048576K
}
Event: 603.058 GC heap before
{Heap before GC invocations=1063 (full 12):
 PSYoungGen      total 31232K, used 30752K [0x00000000eb300000, 0x00000000eee00000, 0x0000000100000000)
  eden space 30720K, 100% used [0x00000000eb300000,0x00000000ed100000,0x00000000ed100000)
  from space 512K, 6% used [0x00000000eed80000,0x00000000eed88000,0x00000000eee00000)
  to   space 512K, 0% used [0x00000000eed00000,0x00000000eed00000,0x00000000eed80000)
 ParOldGen       total 139264K, used 100942K [0x00000000c1800000, 0x00000000ca000000, 0x00000000eb300000)
  object space 139264K, 72% used [0x00000000c1800000,0x00000000c7a93888,0x00000000ca000000)
 Metaspace       used 21716K, capacity 22053K, committed 22400K, reserved 1069056K
  class space    used 2471K, capacity 2599K, committed 2688K, reserved 1048576K
Event: 603.143 GC heap after
Heap after GC invocations=1063 (full 12):
 PSYoungGen      total 31744K, used 64K [0x00000000eb300000, 0x00000000eee00000, 0x0000000100000000)
  eden space 31232K, 0% used [0x00000000eb300000,0x00000000eb300000,0x00000000ed180000)
  from space 512K, 12% used [0x00000000eed00000,0x00000000eed10000,0x00000000eed80000)
  to   space 512K, 0% used [0x00000000eed80000,0x00000000eed80000,0x00000000eee00000)
 ParOldGen       total 139264K, used 100942K [0x00000000c1800000, 0x00000000ca000000, 0x00000000eb300000)
  object space 139264K, 72% used [0x00000000c1800000,0x00000000c7a93888,0x00000000ca000000)
 Metaspace       used 21716K, capacity 22053K, committed 22400K, reserved 1069056K
  class space    used 2471K, capacity 2599K, committed 2688K, reserved 1048576K
}

Deoptimization events (10 events):
Event: 165.016 Thread 0x0000000058b70800 Uncommon trap: reason=class_check action=maybe_recompile pc=0x0000000002b2e070 method=java.awt.Component.dispatchEventImpl(Ljava/awt/AWTEvent;)V @ 473
Event: 165.016 Thread 0x0000000058b70800 Uncommon trap: reason=class_check action=maybe_recompile pc=0x0000000002d25140 method=java.awt.Component.processEvent(Ljava/awt/AWTEvent;)V @ 121
Event: 215.377 Thread 0x0000000058b70800 Uncommon trap: reason=unhandled action=none pc=0x00000000031fc5e0 method=java.lang.Integer.parseInt(Ljava/lang/String;I)I @ 204
Event: 215.400 Thread 0x0000000058b70800 Uncommon trap: reason=unhandled action=none pc=0x00000000031fc5e0 method=java.lang.Integer.parseInt(Ljava/lang/String;I)I @ 204
Event: 216.470 Thread 0x0000000058b70800 Uncommon trap: reason=unhandled action=none pc=0x00000000031fc5e0 method=java.lang.Integer.parseInt(Ljava/lang/String;I)I @ 204
Event: 216.577 Thread 0x0000000058b70800 Uncommon trap: reason=unhandled action=none pc=0x00000000031fc5e0 method=java.lang.Integer.parseInt(Ljava/lang/String;I)I @ 204
Event: 216.609 Thread 0x0000000058b70800 Uncommon trap: reason=bimorphic action=maybe_recompile pc=0x0000000003424c58 method=javax.swing.JViewport.getViewSize()Ljava/awt/Dimension; @ 32
Event: 253.197 Thread 0x0000000058b70800 Uncommon trap: reason=class_check action=maybe_recompile pc=0x0000000002b2e070 method=java.awt.Component.dispatchEventImpl(Ljava/awt/AWTEvent;)V @ 473
Event: 253.197 Thread 0x0000000058b70800 Uncommon trap: reason=class_check action=maybe_recompile pc=0x0000000002d25140 method=java.awt.Component.processEvent(Ljava/awt/AWTEvent;)V @ 121
Event: 603.840 Thread 0x0000000058b70800 Uncommon trap: reason=unstable_if action=reinterpret pc=0x0000000002e9a3bc method=java.lang.Class.reflectionData()Ljava/lang/Class$ReflectionData; @ 37

Internal exceptions (10 events):
Event: 3.731 Thread 0x0000000058b70800 Exception <a 'java/security/PrivilegedActionException'> (0x00000000eb31cda0) thrown at [C:\re\workspace\8-2-build-windows-amd64-cygwin\jdk8u101\7261\hotspot\src\share\vm\prims\jvm.cpp, line 1386]
Event: 3.731 Thread 0x0000000058b70800 Exception <a 'java/security/PrivilegedActionException'> (0x00000000eb31d380) thrown at [C:\re\workspace\8-2-build-windows-amd64-cygwin\jdk8u101\7261\hotspot\src\share\vm\prims\jvm.cpp, line 1386]
Event: 9.642 Thread 0x000000005530a800 Exception <a 'java/net/SocketException': Socket closed> (0x00000000eb32c4e8) thrown at [C:\re\workspace\8-2-build-windows-amd64-cygwin\jdk8u101\7261\hotspot\src\share\vm\prims\jni.cpp, line 735]
Event: 16.941 Thread 0x000000005530a800 Exception <a 'java/net/SocketException': Socket closed> (0x00000000eb322078) thrown at [C:\re\workspace\8-2-build-windows-amd64-cygwin\jdk8u101\7261\hotspot\src\share\vm\prims\jni.cpp, line 735]
Event: 17.204 Thread 0x000000005530a800 Exception <a 'java/net/SocketException': Socket closed> (0x00000000eb32b980) thrown at [C:\re\workspace\8-2-build-windows-amd64-cygwin\jdk8u101\7261\hotspot\src\share\vm\prims\jni.cpp, line 735]
Event: 19.037 Thread 0x0000000058b70800 Implicit null exception at 0x000000000324650c to 0x0000000003247395
Event: 19.037 Thread 0x0000000058b70800 Implicit null exception at 0x0000000003139748 to 0x0000000003139768
Event: 135.903 Thread 0x000000005530a800 Exception <a 'java/net/SocketException': Socket closed> (0x00000000eb39c360) thrown at [C:\re\workspace\8-2-build-windows-amd64-cygwin\jdk8u101\7261\hotspot\src\share\vm\prims\jni.cpp, line 735]
Event: 137.289 Thread 0x000000005530a800 Exception <a 'java/net/SocketException': Socket closed> (0x00000000eb39f3c8) thrown at [C:\re\workspace\8-2-build-windows-amd64-cygwin\jdk8u101\7261\hotspot\src\share\vm\prims\jni.cpp, line 735]
Event: 216.573 Thread 0x000000005530a800 Exception <a 'java/net/SocketException': Socket closed> (0x00000000eb3e66b8) thrown at [C:\re\workspace\8-2-build-windows-amd64-cygwin\jdk8u101\7261\hotspot\src\share\vm\prims\jni.cpp, line 735]

Events (10 events):
Event: 602.331 Executing VM operation: ParallelGCFailedAllocation
Event: 602.332 Executing VM operation: ParallelGCFailedAllocation done
Event: 603.057 Executing VM operation: ParallelGCFailedAllocation
Event: 603.143 Executing VM operation: ParallelGCFailedAllocation done
Event: 603.442 Executing VM operation: RedefineClasses
Event: 603.838 Executing VM operation: RedefineClasses done
Event: 603.840 Thread 0x0000000058b70800 Uncommon trap: trap_request=0xffffff65 fr.pc=0x0000000002e9a3bc
Event: 603.840 Thread 0x0000000058b70800 DEOPT PACKING pc=0x0000000002e9a3bc sp=0x00000000599fd180
Event: 603.840 Thread 0x0000000058b70800 DEOPT UNPACKING pc=0x00000000028f582a sp=0x00000000599fd0c8 mode 2
Event: 603.841 Thread 0x00000000566ab000 flushing nmethod 0x0000000002b39350


Dynamic libraries:
0x000000013fc50000 - 0x000000013fc87000 	C:\Program Files\Java\jdk1.8.0_101\bin\javaw.exe
0x00000000773a0000 - 0x0000000077549000 	C:\Windows\SYSTEM32\ntdll.dll
0x0000000077280000 - 0x000000007739f000 	C:\Windows\system32\kernel32.dll
0x000007fefd360000 - 0x000007fefd3cb000 	C:\Windows\system32\KERNELBASE.dll
0x000007feff4e0000 - 0x000007feff5bb000 	C:\Windows\system32\ADVAPI32.dll
0x000007fefd970000 - 0x000007fefda0f000 	C:\Windows\system32\msvcrt.dll
0x000007feff690000 - 0x000007feff6af000 	C:\Windows\SYSTEM32\sechost.dll
0x000007fefdcf0000 - 0x000007fefde1d000 	C:\Windows\system32\RPCRT4.dll
0x0000000077180000 - 0x000000007727a000 	C:\Windows\system32\USER32.dll
0x000007fefd8f0000 - 0x000007fefd957000 	C:\Windows\system32\GDI32.dll
0x000007fefe690000 - 0x000007fefe69e000 	C:\Windows\system32\LPK.dll
0x000007feff5c0000 - 0x000007feff689000 	C:\Windows\system32\USP10.dll
0x000007fefb7f0000 - 0x000007fefb9e4000 	C:\Windows\WinSxS\amd64_microsoft.windows.common-controls_6595b64144ccf1df_6.0.7601.17514_none_fa396087175ac9ac\COMCTL32.dll
0x000007fefe6a0000 - 0x000007fefe711000 	C:\Windows\system32\SHLWAPI.dll
0x000007fefe720000 - 0x000007fefe74e000 	C:\Windows\system32\IMM32.DLL
0x000007fefde20000 - 0x000007fefdf29000 	C:\Windows\system32\MSCTF.dll
0x00000000743c0000 - 0x0000000074492000 	C:\Program Files\Java\jdk1.8.0_101\jre\bin\msvcr100.dll
0x000000005a260000 - 0x000000005aafa000 	C:\Program Files\Java\jdk1.8.0_101\jre\bin\server\jvm.dll
0x000007feefdd0000 - 0x000007feefdd9000 	C:\Windows\system32\WSOCK32.dll
0x000007fefd510000 - 0x000007fefd55d000 	C:\Windows\system32\WS2_32.dll
0x000007fefd960000 - 0x000007fefd968000 	C:\Windows\system32\NSI.dll
0x000007fef6d60000 - 0x000007fef6d9b000 	C:\Windows\system32\WINMM.dll
0x000007fefc240000 - 0x000007fefc24c000 	C:\Windows\system32\VERSION.dll
0x0000000077570000 - 0x0000000077577000 	C:\Windows\system32\PSAPI.DLL
0x0000000074ba0000 - 0x0000000074baf000 	C:\Program Files\Java\jdk1.8.0_101\jre\bin\verify.dll
0x0000000074860000 - 0x0000000074889000 	C:\Program Files\Java\jdk1.8.0_101\jre\bin\java.dll
0x0000000074820000 - 0x0000000074855000 	C:\Program Files\Java\jdk1.8.0_101\jre\bin\jdwp.dll
0x0000000074b90000 - 0x0000000074b98000 	C:\Program Files\Java\jdk1.8.0_101\jre\bin\npt.dll
0x0000000074800000 - 0x0000000074816000 	C:\Program Files\Java\jdk1.8.0_101\jre\bin\zip.dll
0x000007fefe750000 - 0x000007feff4d8000 	C:\Windows\system32\SHELL32.dll
0x000007fefdf30000 - 0x000007fefe133000 	C:\Windows\system32\ole32.dll
0x000007fefd150000 - 0x000007fefd15f000 	C:\Windows\system32\profapi.dll
0x0000000074570000 - 0x0000000074579000 	C:\Program Files\Java\jdk1.8.0_101\jre\bin\dt_socket.dll
0x000007fefb270000 - 0x000007fefb285000 	C:\Windows\system32\NLAapi.dll
0x000007fef8ac0000 - 0x000007fef8ad5000 	C:\Windows\system32\napinsp.dll
0x000007fef8aa0000 - 0x000007fef8ab9000 	C:\Windows\system32\pnrpnsp.dll
0x000007fefc8f0000 - 0x000007fefc945000 	C:\Windows\System32\mswsock.dll
0x000007fefc770000 - 0x000007fefc7cb000 	C:\Windows\system32\DNSAPI.dll
0x000007fef8a90000 - 0x000007fef8a9b000 	C:\Windows\System32\winrnr.dll
0x000007fef8a80000 - 0x000007fef8a90000 	C:\Windows\system32\wshbth.dll
0x000007fefa910000 - 0x000007fefa937000 	C:\Windows\system32\IPHLPAPI.DLL
0x000007fefa8f0000 - 0x000007fefa8fb000 	C:\Windows\system32\WINNSI.DLL
0x000007fefa7c0000 - 0x000007fefa813000 	C:\Windows\System32\fwpuclnt.dll
0x000007fef9b80000 - 0x000007fef9b88000 	C:\Windows\system32\rasadhlp.dll
0x000007fefc310000 - 0x000007fefc317000 	C:\Windows\System32\wshtcpip.dll
0x0000000073f90000 - 0x0000000074128000 	C:\Program Files\Java\jdk1.8.0_101\jre\bin\awt.dll
0x000007fefd770000 - 0x000007fefd847000 	C:\Windows\system32\OLEAUT32.dll
0x000007fefb740000 - 0x000007fefb796000 	C:\Windows\system32\uxtheme.dll
0x000007fefb240000 - 0x000007fefb258000 	C:\Windows\system32\dwmapi.dll
0x000007fefcfb0000 - 0x000007fefcfbf000 	C:\Windows\system32\CRYPTBASE.dll
0x0000000074520000 - 0x0000000074567000 	C:\Program Files\Java\jdk1.8.0_101\jre\bin\fontmanager.dll
0x000007fefe5f0000 - 0x000007fefe689000 	C:\Windows\system32\CLBCatQ.DLL
0x00000000744e0000 - 0x0000000074511000 	C:\Program Files\Java\jdk1.8.0_101\jre\bin\jpeg.dll
0x00000000744c0000 - 0x00000000744da000 	C:\Program Files\Java\jdk1.8.0_101\jre\bin\net.dll
0x000007fefc8e0000 - 0x000007fefc8e7000 	C:\Windows\System32\wship6.dll
0x00000000744a0000 - 0x00000000744b1000 	C:\Program Files\Java\jdk1.8.0_101\jre\bin\nio.dll
0x0000000073f40000 - 0x0000000073f82000 	C:\Program Files\Java\jdk1.8.0_101\jre\bin\t2k.dll
0x0000000073f10000 - 0x0000000073f34000 	C:\Program Files\Java\jdk1.8.0_101\jre\bin\sunec.dll
0x000007fefcf50000 - 0x000007fefcfa7000 	C:\Windows\system32\apphelp.dll
0x000007fefafe0000 - 0x000007fefb141000 	C:\Windows\system32\WindowsCodecs.dll
0x000007fefaf50000 - 0x000007fefaf85000 	C:\Windows\system32\EhStorShell.dll
0x000007fefe410000 - 0x000007fefe5e7000 	C:\Windows\system32\SETUPAPI.dll
0x000007fefd300000 - 0x000007fefd336000 	C:\Windows\system32\CFGMGR32.dll
0x000007fefd3d0000 - 0x000007fefd3ea000 	C:\Windows\system32\DEVOBJ.dll
0x000007fefbce0000 - 0x000007fefbe0c000 	C:\Windows\system32\PROPSYS.dll
0x000007fefaed0000 - 0x000007fefaf4e000 	C:\Windows\System32\cscui.dll
0x000007fefbba0000 - 0x000007fefbbac000 	C:\Windows\System32\CSCDLL.dll
0x000007fef9b90000 - 0x000007fef9b9f000 	C:\Windows\system32\CSCAPI.dll
0x000007fefa6a0000 - 0x000007fefa720000 	C:\Windows\system32\ntshrui.dll
0x000007fefccb0000 - 0x000007fefccd3000 	C:\Windows\system32\srvcli.dll
0x000007fefa9e0000 - 0x000007fefa9eb000 	C:\Windows\system32\slc.dll
0x000007fef8e90000 - 0x000007fef8fb5000 	C:\Windows\system32\dbghelp.dll

VM Arguments:
jvm_args: -agentlib:jdwp=transport=dt_socket,suspend=y,address=localhost:50158 -Dfile.encoding=Cp1252 
java_command: org.com.maauli.LoginView
java_class_path (initial): C:\Program Files\Java\jdk1.8.0_101\jre\lib\resources.jar;C:\Program Files\Java\jdk1.8.0_101\jre\lib\rt.jar;C:\Program Files\Java\jdk1.8.0_101\jre\lib\jsse.jar;C:\Program Files\Java\jdk1.8.0_101\jre\lib\jce.jar;C:\Program Files\Java\jdk1.8.0_101\jre\lib\charsets.jar;C:\Program Files\Java\jdk1.8.0_101\jre\lib\jfr.jar;C:\Program Files\Java\jdk1.8.0_101\jre\lib\ext\access-bridge-64.jar;C:\Program Files\Java\jdk1.8.0_101\jre\lib\ext\cldrdata.jar;C:\Program Files\Java\jdk1.8.0_101\jre\lib\ext\dnsns.jar;C:\Program Files\Java\jdk1.8.0_101\jre\lib\ext\jaccess.jar;C:\Program Files\Java\jdk1.8.0_101\jre\lib\ext\jfxrt.jar;C:\Program Files\Java\jdk1.8.0_101\jre\lib\ext\localedata.jar;C:\Program Files\Java\jdk1.8.0_101\jre\lib\ext\nashorn.jar;C:\Program Files\Java\jdk1.8.0_101\jre\lib\ext\sunec.jar;C:\Program Files\Java\jdk1.8.0_101\jre\lib\ext\sunjce_provider.jar;C:\Program Files\Java\jdk1.8.0_101\jre\lib\ext\sunmscapi.jar;C:\Program Files\Java\jdk1.8.0_101\jre\lib\ext\sunpkcs11.jar;C:\Program Files\Java\jdk1.8.0_101\jre\lib\ext\zipfs.jar;D:\Eclipse workspace\PR School\pr_school\bin;D:\School data\School jars\jar files\classes12.jar;D:\School data\School jars\jar files\com.mysql.jdbc_5.1.5.jar;D:\School data\School jars\jar files\log4j-1.2.7.jar;D:\School data\School jars\jar files\poi-3.5-FINAL.jar;D:\MAAULI\jar files\jdatepicker-1.3.4.jar;D:\School data\School jars\jar files\jxl-2.6.12.jar;D:\MAAULI\jar files\poi-ooxml-3.7-20101029.jar;D:\School data\School jars\jar files\itextpdf-5.0.6.jar;D:\School data\School jars\jar files\itext-1.3.jar;D:\School data\School jars\jar files\lcrypto-jdk15.jar;D:\School data\School jars\jar files\poi-3.9.jar;D:\School data\School jars\jar files\zip4j-1.3.1.jar;D:\School data\School jars\jar files\sun.misc.BASE64Decoder.jar;D:\School data\School jars\jar files\poi-3.7-jdk1.4-20110417-rc1.jar;D:\School data\School jars\jar files\poi-ooxml-3.5-beta5.jar;D:\School data\School jars\jar files\dom4j-1.6.jar;D:\School dat
Launcher Type: SUN_STANDARD

Environment Variables:
JAVA_HOME=C:\Program Files\Java\jdk1.8.0_101
PATH=C:\Program Files\Java\jdk1.8.0_101\jre\bin;C:/Program Files/Java/jre1.8.0_101/bin/server;C:/Program Files/Java/jre1.8.0_101/bin;C:/Program Files/Java/jre1.8.0_101/lib/amd64;C:\ProgramData\Oracle\Java\javapath;C:\Windows\system32;C:\Windows;C:\Windows\System32\Wbem;C:\Windows\System32\WindowsPowerShell\v1.0\;C:\Program Files\MySQL\MySQL Server 5.5\bin;C:\Program Files (x86)\Apache\apache-maven-3.6.0\bin;C:\Program Files\Git\cmd;C:\Program Files (x86)\MySQL\MySQL Server 5.5\bin;C:\Program Files\MySQL\MySQL Server 5.5\bin;D:\Softwares\eclipse-jee-oxygen-3a-win32-x86_64\eclipse;
USERNAME=Devansh
OS=Windows_NT
PROCESSOR_IDENTIFIER=Intel64 Family 6 Model 69 Stepping 1, GenuineIntel



---------------  S Y S T E M  ---------------

OS: Windows 7 , 64 bit Build 7601 (6.1.7601.18015)

CPU:total 4 (2 cores per cpu, 2 threads per core) family 6 model 69 stepping 1, cmov, cx8, fxsr, mmx, sse, sse2, sse3, ssse3, sse4.1, sse4.2, popcnt, avx, avx2, aes, clmul, erms, lzcnt, ht, tsc, tscinvbit, bmi1, bmi2

Memory: 4k page, physical 4088172k(579056k free), swap 8174480k(1972020k free)

vm_info: Java HotSpot(TM) 64-Bit Server VM (25.101-b13) for windows-amd64 JRE (1.8.0_101-b13), built on Jun 22 2016 01:21:29 by "java_re" with MS VC++ 10.0 (VS2010)

time: Fri Jul 26 01:00:17 2019
elapsed time: 604 seconds (0d 0h 10m 4s)

